<?xml version="1.0" encoding="UTF-8"?>
<!-- Generated by org.testng.reporters.JUnitReportReporter -->
<testsuite skipped="0" hostname="DESKTOP-2DTGKL6" name="com.perfectmind.testcases.LoginTest" tests="1" failures="0" timestamp="11 Feb 2021 08:52:25 GMT" time="3.046" errors="0">
  <testcase name="Login" time="3.046" classname="com.perfectmind.testcases.LoginTest"/>
</testsuite> <!-- com.perfectmind.testcases.LoginTest -->
